build/outputs/logs/manifest-merger-debug-report.txt
-- Merging decision tree log ---
manifest
ADDED from SmartCommunity\AndroidManifest.xml:2:1-601:12
	package
		ADDED from SmartCommunity\AndroidManifest.xml:3:5-34
	android:versionName
		ADDED from SmartCommunity\AndroidManifest.xml:5:5-32
		INJECTED from SmartCommunity\AndroidManifest.xml
		INJECTED from SmartCommunity\AndroidManifest.xml
	android:versionCode
		ADDED from SmartCommunity\AndroidManifest.xml:4:5-28
		INJECTED from SmartCommunity\AndroidManifest.xml
		INJECTED from SmartCommunity\AndroidManifest.xml
	xmlns:android
		ADDED from SmartCommunity\AndroidManifest.xml:2:11-69
uses-sdk
ADDED from SmartCommunity\AndroidManifest.xml:7:5-9:41
	android:targetSdkVersion
		ADDED from SmartCommunity\AndroidManifest.xml:9:9-38
	android:minSdkVersion
		ADDED from SmartCommunity\AndroidManifest.xml:8:9-35
uses-permission#android.permission.INTERNET
ADDED from SmartCommunity\AndroidManifest.xml:11:5-67
	android:name
		ADDED from SmartCommunity\AndroidManifest.xml:11:22-64
uses-permission#android.permission.ACCESS_NETWORK_STATE
ADDED from SmartCommunity\AndroidManifest.xml:12:5-79
	android:name
		ADDED from SmartCommunity\AndroidManifest.xml:12:22-76
uses-permission#android.permission.ACCESS_FINE_LOCATION
ADDED from SmartCommunity\AndroidManifest.xml:13:5-79
	android:name
		ADDED from SmartCommunity\AndroidManifest.xml:13:22-76
uses-permission#android.permission.ACCESS_WIFI_STATE
ADDED from SmartCommunity\AndroidManifest.xml:14:5-76
	android:name
		ADDED from SmartCommunity\AndroidManifest.xml:14:22-73
uses-permission#android.permission.CHANGE_WIFI_STATE
ADDED from SmartCommunity\AndroidManifest.xml:15:5-76
	android:name
		ADDED from SmartCommunity\AndroidManifest.xml:15:22-73
uses-permission#android.permission.READ_PHONE_STATE
ADDED from SmartCommunity\AndroidManifest.xml:16:5-75
	android:name
		ADDED from SmartCommunity\AndroidManifest.xml:16:22-72
uses-permission#android.permission.MOUNT_UNMOUNT_FILESYSTEMS
ADDED from SmartCommunity\AndroidManifest.xml:17:5-84
	android:name
		ADDED from SmartCommunity\AndroidManifest.xml:17:22-81
uses-permission#android.permission.ACCESS_DOWNLOAD_MANAGER
ADDED from SmartCommunity\AndroidManifest.xml:18:5-82
	android:name
		ADDED from SmartCommunity\AndroidManifest.xml:18:22-79
uses-permission#android.permission.READ_EXTERNAL_STORAGE
ADDED from SmartCommunity\AndroidManifest.xml:19:5-80
	android:name
		ADDED from SmartCommunity\AndroidManifest.xml:19:22-77
uses-permission#android.permission.WRITE_EXTERNAL_STORAGE
ADDED from SmartCommunity\AndroidManifest.xml:20:5-81
	android:name
		ADDED from SmartCommunity\AndroidManifest.xml:20:22-78
uses-permission#android.permission.CLEAR_APP_CACHE
ADDED from SmartCommunity\AndroidManifest.xml:21:5-74
	android:name
		ADDED from SmartCommunity\AndroidManifest.xml:21:22-71
uses-permission#android.permission.RECEIVE_USER_PRESENT
ADDED from SmartCommunity\AndroidManifest.xml:23:5-79
	android:name
		ADDED from SmartCommunity\AndroidManifest.xml:23:22-76
uses-permission#android.permission.SYSTEM_ALERT_WINDOW
ADDED from SmartCommunity\AndroidManifest.xml:24:5-78
	android:name
		ADDED from SmartCommunity\AndroidManifest.xml:24:22-75
uses-permission#android.permission.CAMERA
ADDED from SmartCommunity\AndroidManifest.xml:25:5-65
	android:name
		ADDED from SmartCommunity\AndroidManifest.xml:25:22-62
uses-permission#android.permission.WAKE_LOCK
ADDED from SmartCommunity\AndroidManifest.xml:26:5-68
	android:name
		ADDED from SmartCommunity\AndroidManifest.xml:26:22-65
uses-permission#android.permission.RECORD_AUDIO
ADDED from SmartCommunity\AndroidManifest.xml:27:5-71
	android:name
		ADDED from SmartCommunity\AndroidManifest.xml:27:22-68
uses-permission#android.permission.RIDE_EXTERNAL_STORAGE
ADDED from SmartCommunity\AndroidManifest.xml:29:5-80
	android:name
		ADDED from SmartCommunity\AndroidManifest.xml:29:22-77
uses-permission#android.permission.CHANGE_CONFIGURATION
ADDED from SmartCommunity\AndroidManifest.xml:30:5-79
	android:name
		ADDED from SmartCommunity\AndroidManifest.xml:30:22-76
uses-permission#android.permission.RAISED_THREAD_PRIORITY
ADDED from SmartCommunity\AndroidManifest.xml:31:5-81
	android:name
		ADDED from SmartCommunity\AndroidManifest.xml:31:22-78
uses-permission#android.permission.WRITE_SETTINGS
ADDED from SmartCommunity\AndroidManifest.xml:33:5-73
	android:name
		ADDED from SmartCommunity\AndroidManifest.xml:33:22-70
uses-permission#android.permission.MODIFY_AUDIO_SETTINGS
ADDED from SmartCommunity\AndroidManifest.xml:34:5-80
	android:name
		ADDED from SmartCommunity\AndroidManifest.xml:34:22-77
uses-permission#android.permission.BROADCAST_STICKY
ADDED from SmartCommunity\AndroidManifest.xml:35:5-75
	android:name
		ADDED from SmartCommunity\AndroidManifest.xml:35:22-72
uses-permission#android.permission.CHANGE_WIFI_MULTICAST_STATE
ADDED from SmartCommunity\AndroidManifest.xml:36:5-86
	android:name
		ADDED from SmartCommunity\AndroidManifest.xml:36:22-83
uses-permission#android.permission.VIBRATE
ADDED from SmartCommunity\AndroidManifest.xml:37:5-66
	android:name
		ADDED from SmartCommunity\AndroidManifest.xml:37:22-63
uses-permission#android.permission.CHANGE_NETWORK_STATE
ADDED from SmartCommunity\AndroidManifest.xml:38:5-79
	android:name
		ADDED from SmartCommunity\AndroidManifest.xml:38:22-76
uses-permission#android.permission.RECEIVE_BOOT_COMPLETED
ADDED from SmartCommunity\AndroidManifest.xml:40:5-81
	android:name
		ADDED from SmartCommunity\AndroidManifest.xml:40:22-78
permission#com.way.tabui.permission.JPUSH_MESSAGE
ADDED from SmartCommunity\AndroidManifest.xml:53:5-55:47
	android:protectionLevel
		ADDED from SmartCommunity\AndroidManifest.xml:55:9-44
	android:name
		ADDED from SmartCommunity\AndroidManifest.xml:54:9-62
uses-permission#com.way.tabui.permission.JPUSH_MESSAGE
ADDED from SmartCommunity\AndroidManifest.xml:58:5-78
	android:name
		ADDED from SmartCommunity\AndroidManifest.xml:58:22-75
uses-permission#android.permission.ACCESS_LOCATION_EXTRA_COMMANDS
ADDED from SmartCommunity\AndroidManifest.xml:66:5-89
	android:name
		ADDED from SmartCommunity\AndroidManifest.xml:66:22-86
uses-permission#android.permission.DISABLE_KEYGUARD
ADDED from SmartCommunity\AndroidManifest.xml:74:5-75
	android:name
		ADDED from SmartCommunity\AndroidManifest.xml:74:22-72
uses-permission#android.permission.DOWNLOAD_WITHOUT_NOTIFICATION
ADDED from SmartCommunity\AndroidManifest.xml:77:5-88
	android:name
		ADDED from SmartCommunity\AndroidManifest.xml:77:22-85
uses-permission#android.permission.EXPAND_STATUS_BAR
ADDED from SmartCommunity\AndroidManifest.xml:78:5-76
	android:name
		ADDED from SmartCommunity\AndroidManifest.xml:78:22-73
uses-permission#android.permission.ACCESS_COARSE_LOCATION
ADDED from SmartCommunity\AndroidManifest.xml:84:5-81
	android:name
		ADDED from SmartCommunity\AndroidManifest.xml:84:22-78
uses-permission#android.permission.READ_LOGS
ADDED from SmartCommunity\AndroidManifest.xml:87:5-68
	android:name
		ADDED from SmartCommunity\AndroidManifest.xml:87:22-65
uses-permission#android.permission.CALL_PHONE
ADDED from SmartCommunity\AndroidManifest.xml:88:5-69
	android:name
		ADDED from SmartCommunity\AndroidManifest.xml:88:22-66
uses-permission#android.permission.FLASHLIGHT
ADDED from SmartCommunity\AndroidManifest.xml:90:5-69
	android:name
		ADDED from SmartCommunity\AndroidManifest.xml:90:22-66
uses-feature#android.hardware.camera
ADDED from SmartCommunity\AndroidManifest.xml:98:5-60
	android:name
		ADDED from SmartCommunity\AndroidManifest.xml:98:19-57
uses-feature#android.hardware.camera.autofocus
ADDED from SmartCommunity\AndroidManifest.xml:99:5-70
	android:name
		ADDED from SmartCommunity\AndroidManifest.xml:99:19-67
uses-permission#android.permission.GET_TASKS
ADDED from SmartCommunity\AndroidManifest.xml:101:5-68
	android:name
		ADDED from SmartCommunity\AndroidManifest.xml:101:22-65
uses-permission#android.permission.RESTART_PACKAGES
ADDED from SmartCommunity\AndroidManifest.xml:102:5-75
	android:name
		ADDED from SmartCommunity\AndroidManifest.xml:102:22-72
application
ADDED from SmartCommunity\AndroidManifest.xml:104:5-599:24
	android:label
		ADDED from SmartCommunity\AndroidManifest.xml:108:9-41
	android:allowBackup
		ADDED from SmartCommunity\AndroidManifest.xml:106:9-35
	android:icon
		ADDED from SmartCommunity\AndroidManifest.xml:107:9-45
	android:theme
		ADDED from SmartCommunity\AndroidManifest.xml:109:9-40
	android:name
		ADDED from SmartCommunity\AndroidManifest.xml:105:9-52
activity#com.way.MainActivity
ADDED from SmartCommunity\AndroidManifest.xml:110:9-111:20
	android:name
		ADDED from SmartCommunity\AndroidManifest.xml:110:19-54
activity#com.way.tabui.actity.MainActivity
ADDED from SmartCommunity\AndroidManifest.xml:112:9-116:20
	android:label
		ADDED from SmartCommunity\AndroidManifest.xml:114:13-45
	android:theme
		ADDED from SmartCommunity\AndroidManifest.xml:115:13-72
	android:name
		ADDED from SmartCommunity\AndroidManifest.xml:113:13-61
activity#com.way.tabui.actity.EsptouchDemoActivity
ADDED from SmartCommunity\AndroidManifest.xml:117:9-120:20
	android:theme
		ADDED from SmartCommunity\AndroidManifest.xml:119:13-60
	android:name
		ADDED from SmartCommunity\AndroidManifest.xml:118:13-69
activity#com.way.tabui.actity.IntelligentSocketActivity
ADDED from SmartCommunity\AndroidManifest.xml:121:9-124:20
	android:theme
		ADDED from SmartCommunity\AndroidManifest.xml:123:13-60
	android:name
		ADDED from SmartCommunity\AndroidManifest.xml:122:13-74
activity#com.way.tabui.actity.TcpActivity
ADDED from SmartCommunity\AndroidManifest.xml:125:9-128:20
	android:label
		ADDED from SmartCommunity\AndroidManifest.xml:127:13-58
	android:name
		ADDED from SmartCommunity\AndroidManifest.xml:126:13-60
activity#com.way.tabui.actity.SmartLightActivity
ADDED from SmartCommunity\AndroidManifest.xml:129:9-133:20
	android:label
		ADDED from SmartCommunity\AndroidManifest.xml:131:13-63
	android:theme
		ADDED from SmartCommunity\AndroidManifest.xml:132:13-72
	android:name
		ADDED from SmartCommunity\AndroidManifest.xml:130:13-67
activity#com.way.tabui.actity.PreviewActivity
ADDED from SmartCommunity\AndroidManifest.xml:134:9-138:20
	android:label
		ADDED from SmartCommunity\AndroidManifest.xml:136:13-59
	android:theme
		ADDED from SmartCommunity\AndroidManifest.xml:137:13-72
	android:name
		ADDED from SmartCommunity\AndroidManifest.xml:135:13-64
activity#com.way.tabui.usermodule.GosUserLoginActivity
ADDED from SmartCommunity\AndroidManifest.xml:139:9-142:20
	android:theme
		ADDED from SmartCommunity\AndroidManifest.xml:141:13-60
	android:name
		ADDED from SmartCommunity\AndroidManifest.xml:140:13-73
activity#com.way.tabui.usermodule.GosRegisterUserActivity
ADDED from SmartCommunity\AndroidManifest.xml:143:9-146:20
	android:theme
		ADDED from SmartCommunity\AndroidManifest.xml:145:13-60
	android:name
		ADDED from SmartCommunity\AndroidManifest.xml:144:13-76
activity#com.way.tabui.actity.AddOcdeviceActivity
ADDED from SmartCommunity\AndroidManifest.xml:147:9-151:20
	android:label
		ADDED from SmartCommunity\AndroidManifest.xml:149:13-64
	android:theme
		ADDED from SmartCommunity\AndroidManifest.xml:150:13-60
	android:name
		ADDED from SmartCommunity\AndroidManifest.xml:148:13-68
activity#com.way.tabui.usermodule.GosForgetPasswordActivity
ADDED from SmartCommunity\AndroidManifest.xml:152:9-155:20
	android:theme
		ADDED from SmartCommunity\AndroidManifest.xml:154:13-60
	android:name
		ADDED from SmartCommunity\AndroidManifest.xml:153:13-78
activity#com.way.tabui.configmodule.GosDeviceReadyActivity
ADDED from SmartCommunity\AndroidManifest.xml:156:9-159:20
	android:theme
		ADDED from SmartCommunity\AndroidManifest.xml:158:13-60
	android:name
		ADDED from SmartCommunity\AndroidManifest.xml:157:13-77
activity#com.way.tabui.configmodule.GosDeviceResetActivity
ADDED from SmartCommunity\AndroidManifest.xml:160:9-163:20
	android:theme
		ADDED from SmartCommunity\AndroidManifest.xml:162:13-60
	android:name
		ADDED from SmartCommunity\AndroidManifest.xml:161:13-77
activity#com.way.tabui.configmodule.GosChooseDeviceActivity
ADDED from SmartCommunity\AndroidManifest.xml:164:9-167:20
	android:theme
		ADDED from SmartCommunity\AndroidManifest.xml:166:13-60
	android:name
		ADDED from SmartCommunity\AndroidManifest.xml:165:13-78
activity#com.way.tabui.configmodule.GosConfigCountdownActivity
ADDED from SmartCommunity\AndroidManifest.xml:168:9-171:20
	android:theme
		ADDED from SmartCommunity\AndroidManifest.xml:170:13-60
	android:name
		ADDED from SmartCommunity\AndroidManifest.xml:169:13-81
activity#com.way.tabui.configmodule.GosConfigFailedActivity
ADDED from SmartCommunity\AndroidManifest.xml:172:9-175:20
	android:theme
		ADDED from SmartCommunity\AndroidManifest.xml:174:13-60
	android:name
		ADDED from SmartCommunity\AndroidManifest.xml:173:13-78
activity#com.way.tabui.cevicemodule.GosDeviceListActivity
ADDED from SmartCommunity\AndroidManifest.xml:176:9-184:20
	android:theme
		ADDED from SmartCommunity\AndroidManifest.xml:178:13-60
	android:name
		ADDED from SmartCommunity\AndroidManifest.xml:177:13-76
intent-filter#android.intent.action.MAIN+android.intent.category.LAUNCHER
ADDED from SmartCommunity\AndroidManifest.xml:179:13-183:29
action#android.intent.action.MAIN
ADDED from SmartCommunity\AndroidManifest.xml:180:17-69
	android:name
		ADDED from SmartCommunity\AndroidManifest.xml:180:25-66
category#android.intent.category.LAUNCHER
ADDED from SmartCommunity\AndroidManifest.xml:182:17-77
	android:name
		ADDED from SmartCommunity\AndroidManifest.xml:182:27-74
activity#com.way.tabui.actity.SmartOCActivity
ADDED from SmartCommunity\AndroidManifest.xml:185:9-188:20
	android:theme
		ADDED from SmartCommunity\AndroidManifest.xml:187:13-60
	android:name
		ADDED from SmartCommunity\AndroidManifest.xml:186:13-64
activity#com.way.tabui.actity.UpdataActivity
ADDED from SmartCommunity\AndroidManifest.xml:189:9-193:20
	android:label
		ADDED from SmartCommunity\AndroidManifest.xml:191:13-58
	android:theme
		ADDED from SmartCommunity\AndroidManifest.xml:192:13-60
	android:name
		ADDED from SmartCommunity\AndroidManifest.xml:190:13-63
activity#zxing.CaptureActivity
ADDED from SmartCommunity\AndroidManifest.xml:194:9-196:63
	android:theme
		ADDED from SmartCommunity\AndroidManifest.xml:196:13-60
	android:name
		ADDED from SmartCommunity\AndroidManifest.xml:195:13-49
activity#com.way.tabui.settingsmodule.GosAboutActivity
ADDED from SmartCommunity\AndroidManifest.xml:197:9-200:20
	android:theme
		ADDED from SmartCommunity\AndroidManifest.xml:199:13-60
	android:name
		ADDED from SmartCommunity\AndroidManifest.xml:198:13-73
activity#com.way.tabui.settingsmodule.GosSettiingsActivity
ADDED from SmartCommunity\AndroidManifest.xml:201:9-204:20
	android:theme
		ADDED from SmartCommunity\AndroidManifest.xml:203:13-60
	android:name
		ADDED from SmartCommunity\AndroidManifest.xml:202:13-77
activity#com.way.tabui.configmodule.GosCheckDeviceWorkWiFiActivity
ADDED from SmartCommunity\AndroidManifest.xml:205:9-208:20
	android:theme
		ADDED from SmartCommunity\AndroidManifest.xml:207:13-60
	android:name
		ADDED from SmartCommunity\AndroidManifest.xml:206:13-85
activity#com.way.tabui.controlmodule.GosDeviceControlActivity
ADDED from SmartCommunity\AndroidManifest.xml:209:9-213:20
	android:windowSoftInputMode
		ADDED from SmartCommunity\AndroidManifest.xml:212:13-72
	android:theme
		ADDED from SmartCommunity\AndroidManifest.xml:211:13-60
	android:name
		ADDED from SmartCommunity\AndroidManifest.xml:210:13-80
activity#com.way.tabui.configmodule.GosModeListActivity
ADDED from SmartCommunity\AndroidManifest.xml:214:9-217:20
	android:theme
		ADDED from SmartCommunity\AndroidManifest.xml:216:13-60
	android:name
		ADDED from SmartCommunity\AndroidManifest.xml:215:13-74
activity#com.way.tabui.configmodule.GosAirlinkChooseDeviceWorkWiFiActivity
ADDED from SmartCommunity\AndroidManifest.xml:218:9-221:20
	android:theme
		ADDED from SmartCommunity\AndroidManifest.xml:220:13-60
	android:name
		ADDED from SmartCommunity\AndroidManifest.xml:219:13-93
activity#com.way.tabui.configmodule.GosAirlinkReadyActivity
ADDED from SmartCommunity\AndroidManifest.xml:222:9-225:20
	android:theme
		ADDED from SmartCommunity\AndroidManifest.xml:224:13-60
	android:name
		ADDED from SmartCommunity\AndroidManifest.xml:223:13-78
activity#com.way.tabui.configmodule.GosAirlinkConfigCountdownActivity
ADDED from SmartCommunity\AndroidManifest.xml:226:9-229:20
	android:theme
		ADDED from SmartCommunity\AndroidManifest.xml:228:13-60
	android:name
		ADDED from SmartCommunity\AndroidManifest.xml:227:13-88
activity#com.way.tabui.controlmodule.GosColorsListActivity
ADDED from SmartCommunity\AndroidManifest.xml:230:9-233:20
	android:theme
		ADDED from SmartCommunity\AndroidManifest.xml:232:13-60
	android:name
		ADDED from SmartCommunity\AndroidManifest.xml:231:13-77
activity#com.way.tabui.gokit.AlertmesActivity
ADDED from SmartCommunity\AndroidManifest.xml:234:9-237:20
	android:theme
		ADDED from SmartCommunity\AndroidManifest.xml:236:13-60
	android:name
		ADDED from SmartCommunity\AndroidManifest.xml:235:13-45
activity#com.way.tabui.gokit.AirConMesActivity
ADDED from SmartCommunity\AndroidManifest.xml:238:9-242:20
	android:label
		ADDED from SmartCommunity\AndroidManifest.xml:240:13-63
	android:theme
		ADDED from SmartCommunity\AndroidManifest.xml:241:13-60
	android:name
		ADDED from SmartCommunity\AndroidManifest.xml:239:13-46
activity#com.way.tabui.gokit.AirConBrandActivity
ADDED from SmartCommunity\AndroidManifest.xml:243:9-247:20
	android:label
		ADDED from SmartCommunity\AndroidManifest.xml:245:13-65
	android:theme
		ADDED from SmartCommunity\AndroidManifest.xml:246:13-60
	android:name
		ADDED from SmartCommunity\AndroidManifest.xml:244:13-48
activity#com.way.tabui.gokit.AirMateActivity
ADDED from SmartCommunity\AndroidManifest.xml:248:9-252:20
	android:label
		ADDED from SmartCommunity\AndroidManifest.xml:250:13-60
	android:theme
		ADDED from SmartCommunity\AndroidManifest.xml:251:13-60
	android:name
		ADDED from SmartCommunity\AndroidManifest.xml:249:13-44
activity#com.way.tabui.gokit.SmartCurtainActivity
ADDED from SmartCommunity\AndroidManifest.xml:254:12-258:20
	android:label
		ADDED from SmartCommunity\AndroidManifest.xml:256:13-65
	android:theme
		ADDED from SmartCommunity\AndroidManifest.xml:257:13-60
	android:name
		ADDED from SmartCommunity\AndroidManifest.xml:255:13-49
activity#com.tencent.tauth.AuthActivity
ADDED from SmartCommunity\AndroidManifest.xml:261:9-273:20
	android:launchMode
		ADDED from SmartCommunity\AndroidManifest.xml:263:13-44
	android:noHistory
		ADDED from SmartCommunity\AndroidManifest.xml:264:13-37
	android:name
		ADDED from SmartCommunity\AndroidManifest.xml:262:13-58
intent-filter#android.intent.action.VIEW+android.intent.category.BROWSABLE+android.intent.category.DEFAULT
ADDED from SmartCommunity\AndroidManifest.xml:265:13-272:29
action#android.intent.action.VIEW
ADDED from SmartCommunity\AndroidManifest.xml:266:17-69
	android:name
		ADDED from SmartCommunity\AndroidManifest.xml:266:25-66
category#android.intent.category.DEFAULT
ADDED from SmartCommunity\AndroidManifest.xml:268:17-76
	android:name
		ADDED from SmartCommunity\AndroidManifest.xml:268:27-73
category#android.intent.category.BROWSABLE
ADDED from SmartCommunity\AndroidManifest.xml:269:17-78
	android:name
		ADDED from SmartCommunity\AndroidManifest.xml:269:27-75
data
ADDED from SmartCommunity\AndroidManifest.xml:271:17-60
	android:scheme
		ADDED from SmartCommunity\AndroidManifest.xml:271:23-57
activity#com.tencent.connect.common.AssistActivity
ADDED from SmartCommunity\AndroidManifest.xml:274:9-277:75
	android:configChanges
		ADDED from SmartCommunity\AndroidManifest.xml:276:13-74
	android:theme
		ADDED from SmartCommunity\AndroidManifest.xml:277:13-72
	android:name
		ADDED from SmartCommunity\AndroidManifest.xml:275:13-69
activity#com.showmo.demo.maincotent.MainContentActivity
ADDED from SmartCommunity\AndroidManifest.xml:278:9-279:20
	android:name
		ADDED from SmartCommunity\AndroidManifest.xml:278:19-80
activity#com.showmo.demo.account.ModifyPswActivity
ADDED from SmartCommunity\AndroidManifest.xml:280:9-283:20
	android:screenOrientation
		ADDED from SmartCommunity\AndroidManifest.xml:282:13-49
	android:name
		ADDED from SmartCommunity\AndroidManifest.xml:281:13-69
activity#com.showmo.demo.account.AccountActivity
ADDED from SmartCommunity\AndroidManifest.xml:284:9-287:20
	android:screenOrientation
		ADDED from SmartCommunity\AndroidManifest.xml:286:13-49
	android:name
		ADDED from SmartCommunity\AndroidManifest.xml:285:13-67
activity#com.showmo.demo.play.DeviceslistActivity
ADDED from SmartCommunity\AndroidManifest.xml:288:9-291:20
	android:screenOrientation
		ADDED from SmartCommunity\AndroidManifest.xml:290:13-49
	android:name
		ADDED from SmartCommunity\AndroidManifest.xml:289:13-68
activity#com.showmo.demo.adddevice.AddDeviceUserEnsure
ADDED from SmartCommunity\AndroidManifest.xml:292:9-295:20
	android:screenOrientation
		ADDED from SmartCommunity\AndroidManifest.xml:294:13-49
	android:name
		ADDED from SmartCommunity\AndroidManifest.xml:293:13-73
activity#com.showmo.demo.adddevice.AddDeviceSetNetworkActivity
ADDED from SmartCommunity\AndroidManifest.xml:296:9-299:20
	android:screenOrientation
		ADDED from SmartCommunity\AndroidManifest.xml:298:13-49
	android:name
		ADDED from SmartCommunity\AndroidManifest.xml:297:13-81
activity#com.showmo.demo.adddevice.AddDeviceUserTipClose
ADDED from SmartCommunity\AndroidManifest.xml:300:9-303:20
	android:screenOrientation
		ADDED from SmartCommunity\AndroidManifest.xml:302:13-49
	android:name
		ADDED from SmartCommunity\AndroidManifest.xml:301:13-75
activity#com.showmo.demo.adddevice.AddDeviceConfigSearchActivity
ADDED from SmartCommunity\AndroidManifest.xml:304:9-307:20
	android:screenOrientation
		ADDED from SmartCommunity\AndroidManifest.xml:306:13-49
	android:name
		ADDED from SmartCommunity\AndroidManifest.xml:305:13-83
activity#com.showmo.demo.login.ResetDeviceActivity
ADDED from SmartCommunity\AndroidManifest.xml:308:9-311:20
	android:screenOrientation
		ADDED from SmartCommunity\AndroidManifest.xml:310:13-49
	android:name
		ADDED from SmartCommunity\AndroidManifest.xml:309:13-69
activity#com.showmo.demo.login.RegisterActivity
ADDED from SmartCommunity\AndroidManifest.xml:312:9-315:20
	android:screenOrientation
		ADDED from SmartCommunity\AndroidManifest.xml:314:13-49
	android:name
		ADDED from SmartCommunity\AndroidManifest.xml:313:13-66
activity#com.showmo.demo.login.RegisterActivity2
ADDED from SmartCommunity\AndroidManifest.xml:316:9-319:20
	android:screenOrientation
		ADDED from SmartCommunity\AndroidManifest.xml:318:13-49
	android:name
		ADDED from SmartCommunity\AndroidManifest.xml:317:13-67
activity#com.showmo.demo.play.PlayActivity
ADDED from SmartCommunity\AndroidManifest.xml:320:9-323:20
	android:screenOrientation
		ADDED from SmartCommunity\AndroidManifest.xml:322:13-49
	android:name
		ADDED from SmartCommunity\AndroidManifest.xml:321:13-61
activity#com.way.tabui.gokit.PromailActivity
ADDED from SmartCommunity\AndroidManifest.xml:324:9-328:20
	android:label
		ADDED from SmartCommunity\AndroidManifest.xml:326:13-59
	android:theme
		ADDED from SmartCommunity\AndroidManifest.xml:327:13-60
	android:name
		ADDED from SmartCommunity\AndroidManifest.xml:325:13-44
activity#com.way.tabui.gokit.AllMessageActivity
ADDED from SmartCommunity\AndroidManifest.xml:329:9-333:20
	android:label
		ADDED from SmartCommunity\AndroidManifest.xml:331:13-63
	android:theme
		ADDED from SmartCommunity\AndroidManifest.xml:332:13-60
	android:name
		ADDED from SmartCommunity\AndroidManifest.xml:330:13-47
activity#com.way.tabui.gokit.SetMailActivity
ADDED from SmartCommunity\AndroidManifest.xml:334:9-338:20
	android:label
		ADDED from SmartCommunity\AndroidManifest.xml:336:13-60
	android:theme
		ADDED from SmartCommunity\AndroidManifest.xml:337:13-60
	android:name
		ADDED from SmartCommunity\AndroidManifest.xml:335:13-44
activity#com.way.tabui.gokit.SmartAirConditionActivity
ADDED from SmartCommunity\AndroidManifest.xml:339:9-343:20
	android:label
		ADDED from SmartCommunity\AndroidManifest.xml:341:13-71
	android:theme
		ADDED from SmartCommunity\AndroidManifest.xml:342:13-60
	android:name
		ADDED from SmartCommunity\AndroidManifest.xml:340:13-54
activity#com.way.tabui.settingsmodule.SetBundMesActivity
ADDED from SmartCommunity\AndroidManifest.xml:344:9-348:20
	android:label
		ADDED from SmartCommunity\AndroidManifest.xml:346:13-64
	android:theme
		ADDED from SmartCommunity\AndroidManifest.xml:347:13-60
	android:name
		ADDED from SmartCommunity\AndroidManifest.xml:345:13-75
activity#com.property.activity.InformActivity
ADDED from SmartCommunity\AndroidManifest.xml:350:9-354:20
	android:label
		ADDED from SmartCommunity\AndroidManifest.xml:352:13-58
	android:theme
		ADDED from SmartCommunity\AndroidManifest.xml:353:13-60
	android:name
		ADDED from SmartCommunity\AndroidManifest.xml:351:13-64
activity#com.property.activity.BaoxiuguanliActivity
ADDED from SmartCommunity\AndroidManifest.xml:355:9-359:20
	android:label
		ADDED from SmartCommunity\AndroidManifest.xml:357:13-58
	android:theme
		ADDED from SmartCommunity\AndroidManifest.xml:358:13-60
	android:name
		ADDED from SmartCommunity\AndroidManifest.xml:356:13-70
activity#com.property.activity.BaoxiushenqingActivity
ADDED from SmartCommunity\AndroidManifest.xml:360:9-361:20
	android:name
		ADDED from SmartCommunity\AndroidManifest.xml:360:19-78
activity#com.property.activity.BaoxiuxiangqingActivity
ADDED from SmartCommunity\AndroidManifest.xml:362:9-366:20
	android:label
		ADDED from SmartCommunity\AndroidManifest.xml:364:13-58
	android:theme
		ADDED from SmartCommunity\AndroidManifest.xml:365:13-60
	android:name
		ADDED from SmartCommunity\AndroidManifest.xml:363:13-73
activity#com.property.activity.ChakandatuActivity
ADDED from SmartCommunity\AndroidManifest.xml:367:9-371:20
	android:label
		ADDED from SmartCommunity\AndroidManifest.xml:369:13-58
	android:theme
		ADDED from SmartCommunity\AndroidManifest.xml:370:13-60
	android:name
		ADDED from SmartCommunity\AndroidManifest.xml:368:13-68
activity#com.property.activity.FaultDeleteActivity
ADDED from SmartCommunity\AndroidManifest.xml:372:9-376:20
	android:label
		ADDED from SmartCommunity\AndroidManifest.xml:374:13-58
	android:theme
		ADDED from SmartCommunity\AndroidManifest.xml:375:13-60
	android:name
		ADDED from SmartCommunity\AndroidManifest.xml:373:13-69
activity#com.property.activity.FaultProgressActivity
ADDED from SmartCommunity\AndroidManifest.xml:377:9-381:20
	android:label
		ADDED from SmartCommunity\AndroidManifest.xml:379:13-58
	android:theme
		ADDED from SmartCommunity\AndroidManifest.xml:380:13-60
	android:name
		ADDED from SmartCommunity\AndroidManifest.xml:378:13-71
activity#com.property.activity.JiaofeiDetailActivity
ADDED from SmartCommunity\AndroidManifest.xml:382:9-386:20
	android:label
		ADDED from SmartCommunity\AndroidManifest.xml:384:13-58
	android:theme
		ADDED from SmartCommunity\AndroidManifest.xml:385:13-60
	android:name
		ADDED from SmartCommunity\AndroidManifest.xml:383:13-71
activity#com.property.activity.JiaofeiListActivity
ADDED from SmartCommunity\AndroidManifest.xml:387:9-391:20
	android:label
		ADDED from SmartCommunity\AndroidManifest.xml:389:13-58
	android:theme
		ADDED from SmartCommunity\AndroidManifest.xml:390:13-60
	android:name
		ADDED from SmartCommunity\AndroidManifest.xml:388:13-69
activity#com.property.activity.JiaofeifenleiActivity
ADDED from SmartCommunity\AndroidManifest.xml:392:9-396:20
	android:label
		ADDED from SmartCommunity\AndroidManifest.xml:394:13-58
	android:theme
		ADDED from SmartCommunity\AndroidManifest.xml:395:13-60
	android:name
		ADDED from SmartCommunity\AndroidManifest.xml:393:13-71
activity#com.property.activity.JiaofeijiluActivity
ADDED from SmartCommunity\AndroidManifest.xml:397:9-401:20
	android:label
		ADDED from SmartCommunity\AndroidManifest.xml:399:13-58
	android:theme
		ADDED from SmartCommunity\AndroidManifest.xml:400:13-60
	android:name
		ADDED from SmartCommunity\AndroidManifest.xml:398:13-69
activity#com.property.activity.AnnouncementInfoActivity
ADDED from SmartCommunity\AndroidManifest.xml:402:9-406:20
	android:label
		ADDED from SmartCommunity\AndroidManifest.xml:404:13-58
	android:theme
		ADDED from SmartCommunity\AndroidManifest.xml:405:13-60
	android:name
		ADDED from SmartCommunity\AndroidManifest.xml:403:13-74
activity#com.property.activity.AnnouncementListActivity
ADDED from SmartCommunity\AndroidManifest.xml:407:9-411:20
	android:label
		ADDED from SmartCommunity\AndroidManifest.xml:409:13-58
	android:theme
		ADDED from SmartCommunity\AndroidManifest.xml:410:13-60
	android:name
		ADDED from SmartCommunity\AndroidManifest.xml:408:13-74
meta-data#PW_CONFIG_SDK_IDENTIFIER_CODE
ADDED from SmartCommunity\AndroidManifest.xml:416:9-418:33
	android:value
		ADDED from SmartCommunity\AndroidManifest.xml:418:13-30
	android:name
		ADDED from SmartCommunity\AndroidManifest.xml:417:13-57
meta-data#PW_CONFIG_SDK_IDENTIFIER_STRING
ADDED from SmartCommunity\AndroidManifest.xml:419:9-421:32
	android:value
		ADDED from SmartCommunity\AndroidManifest.xml:421:13-29
	android:name
		ADDED from SmartCommunity\AndroidManifest.xml:420:13-59
service#com.way.tabui.actity.GizService
ADDED from SmartCommunity\AndroidManifest.xml:423:9-424:19
	android:name
		ADDED from SmartCommunity\AndroidManifest.xml:423:18-64
service#cn.jpush.android.service.PushService
ADDED from SmartCommunity\AndroidManifest.xml:429:9-439:19
	android:enabled
		ADDED from SmartCommunity\AndroidManifest.xml:431:13-35
	android:exported
		ADDED from SmartCommunity\AndroidManifest.xml:432:13-37
	android:name
		ADDED from SmartCommunity\AndroidManifest.xml:430:13-64
intent-filter#cn.jpush.android.intent.PUSH_TIME+cn.jpush.android.intent.PushService+cn.jpush.android.intent.REGISTER+cn.jpush.android.intent.REPORT
ADDED from SmartCommunity\AndroidManifest.xml:433:13-438:29
action#cn.jpush.android.intent.REGISTER